
> backend@1.0.0 build C:\Users\stafi\repos\cristianstafie.ca\kyss\crossable\apps\backend
> tsc

src/controllers/game_manager/game_manager.ts(60,12): error TS2304: Cannot find name 'ClientToGameEvent'.
src/controllers/game_manager/game_manager.ts(60,36): error TS2304: Cannot find name 'ClientToGameEvents'.
src/controllers/game_manager/game_manager.ts(64,37): error TS2304: Cannot find name 'ClientToGameEvent'.
src/controllers/game_manager/game_manager.ts(74,35): error TS2554: Expected 1 arguments, but got 2.
src/controllers/game_manager/game_manager.ts(82,39): error TS2304: Cannot find name 'ClientToGameEvent'.
src/controllers/game_manager/game_manager.ts(86,37): error TS2304: Cannot find name 'ClientToGameEvent'.
src/controllers/game_manager/game_manager.ts(92,37): error TS2304: Cannot find name 'ClientToGameEvent'.
src/controllers/game_manager/game_manager.ts(97,20): error TS2304: Cannot find name 'ClientToGameEvent'.
src/controllers/game_manager/game_manager.ts(104,7): error TS7053: Element implicitly has an 'any' type because expression of type 'any' can't be used to index type '{ playTile: () => void; updateTileBar: () => void; setReady: () => void; startGame: () => void; addBot: () => void; removeBot: () => void; setBotDifficulty: () => void; }'.
src/controllers/game_manager/game_manager.ts(120,14): error TS2304: Cannot find name 'ClientToGameEvent'.
src/controllers/game_manager/game_manager.ts(120,38): error TS2304: Cannot find name 'ClientToGameEvents'.
src/controllers/game_manager/game_manager.ts(164,37): error TS2554: Expected 1 arguments, but got 2.
src/controllers/server_manager/server_manager.ts(38,18): error TS2554: Expected 3 arguments, but got 2.
src/controllers/server_manager/server_manager.ts(141,18): error TS2304: Cannot find name 'ServerToClientEvent'.
src/controllers/user/user.ts(1,10): error TS2724: '"shared"' has no exported member named 'SocketClientToServerEvents'. Did you mean 'ClientToServerEvents'?
src/controllers/user/user.ts(1,38): error TS2724: '"shared"' has no exported member named 'SocketServerToClientEvents'. Did you mean 'ServerToClientEvents'?
src/main.ts(1,25): error TS2307: Cannot find module 'dotenv' or its corresponding type declarations.
src/main.ts(7,31): error TS2307: Cannot find module 'cookie-parser' or its corresponding type declarations.
src/main.ts(11,3): error TS2724: '"shared"' has no exported member named 'SocketClientToServerEvents'. Did you mean 'ClientToServerEvents'?
src/main.ts(12,3): error TS2724: '"shared"' has no exported member named 'SocketServerToClientEvents'. Did you mean 'ServerToClientEvents'?
src/main.ts(19,13): error TS2349: This expression is not callable.
  Type 'typeof e' has no call signatures.
src/main.ts(34,34): error TS7006: Parameter 'req' implicitly has an 'any' type.
src/main.ts(34,39): error TS7006: Parameter 'res' implicitly has an 'any' type.
 ELIFECYCLE  Command failed with exit code 2.
